{"name": "Получение полей для регистрации", "status": "failed", "statusDetails": {"message": "AssertionError: assert 401 == 200\n +  where 401 = <Response [401]>.status_code\n +    where <Response [401]> = <tests.regress.test_register_fields.TestRegisterFields object at 0x7fdff35b4520>.response", "trace": "self = <test.Test object at 0x7fdff35b4940>\n\n    @allure.title(\"Получение полей для регистрации\")\n    @allure.description(\"Получение полей для регистрации\")\n    def test_register_fields(self):\n>       test_register_fields.TestRegisterFields(\n            self.environment_adapter, self.faker).request().attach().test()\n\ntests/regress/test.py:138: \n_ _ _ _ _ _ _ _ _ _ _ _ _ _ _ _ _ _ _ _ _ _ _ _ _ _ _ _ _ _ _ _ _ _ _ _ _ _ _ _ _ _ _ _ _ _ _ _ _ _ _ _ _ _ _ _ _ _ _ _ _ _ _ _ _ _ _ _ _ _ _ _ _ _ _ _ _ _ _ _ _ _ _ _ _ _ _ _ _ _ _ _ _ _ _ _ \n\nself = <tests.regress.test_register_fields.TestRegisterFields object at 0x7fdff35b4520>\n\n    def test(self):\n>       assert self.response.status_code == 200\nE       assert 401 == 200\nE        +  where 401 = <Response [401]>.status_code\nE        +    where <Response [401]> = <tests.regress.test_register_fields.TestRegisterFields object at 0x7fdff35b4520>.response\n\ntests/test_base.py:58: AssertionError"}, "description": "Получение полей для регистрации", "attachments": [{"name": "Request url", "source": "a817e76d-6b09-4f00-8b9e-4633c6926c30-attachment.txt", "type": "text/plain"}, {"name": "Request method", "source": "28b1f335-e8ef-4779-a1ab-762ed5b14446-attachment.txt", "type": "text/plain"}, {"name": "Request headers", "source": "14d9b933-41ec-46d1-ad0e-98cb7e92d798-attachment.json", "type": "application/json"}, {"name": "Response headers", "source": "a3af1f3d-959f-4e9d-87fa-859674b27e8a-attachment.json", "type": "application/json"}, {"name": "Response", "source": "14da2ce9-2b3f-4f6d-a963-fb92b4ade72c-attachment.json", "type": "application/json"}], "start": 1623232282286, "stop": 1623232282749, "uuid": "7d64d555-b3b7-49e6-81c5-b3e0e80c2f70", "historyId": "2fa42b8f2352b060f8462318646c6fe2", "testCaseId": "25d5823592ac9192d403be31bbc57d6c", "fullName": "tests.regress.test.Test#test_register_fields", "labels": [{"name": "parentSuite", "value": "tests.regress"}, {"name": "suite", "value": "test"}, {"name": "subSuite", "value": "Test"}, {"name": "host", "value": "21aa29d99146"}, {"name": "thread", "value": "29-MainThread"}, {"name": "framework", "value": "pytest"}, {"name": "language", "value": "cpython3"}, {"name": "package", "value": "tests.regress.test"}]}