{"name": "Отправка кода подтверждения", "status": "failed", "statusDetails": {"message": "AssertionError: assert 401 == 200\n +  where 401 = <Response [401]>.status_code\n +    where <Response [401]> = <tests.regress.test_register_code.TestRegisterCode object at 0x7fdff36f3820>.response", "trace": "self = <test.Test object at 0x7fdff37026d0>\n\n    @allure.title(\"Отправка кода подтверждения\")\n    @allure.description(\"Отправка кода подтверждения\")\n    def test_register_code(self):\n>       test_register_code.TestRegisterCode(\n            self.environment_adapter, self.faker).request().attach().test()\n\ntests/regress/test.py:126: \n_ _ _ _ _ _ _ _ _ _ _ _ _ _ _ _ _ _ _ _ _ _ _ _ _ _ _ _ _ _ _ _ _ _ _ _ _ _ _ _ _ _ _ _ _ _ _ _ _ _ _ _ _ _ _ _ _ _ _ _ _ _ _ _ _ _ _ _ _ _ _ _ _ _ _ _ _ _ _ _ _ _ _ _ _ _ _ _ _ _ _ _ _ _ _ _ \n\nself = <tests.regress.test_register_code.TestRegisterCode object at 0x7fdff36f3820>\n\n    def test(self):\n>       assert self.response.status_code == 200\nE       assert 401 == 200\nE        +  where 401 = <Response [401]>.status_code\nE        +    where <Response [401]> = <tests.regress.test_register_code.TestRegisterCode object at 0x7fdff36f3820>.response\n\ntests/test_base.py:58: AssertionError"}, "description": "Отправка кода подтверждения", "attachments": [{"name": "Request url", "source": "a36844a0-1761-4070-ba4c-fbbe8651d012-attachment.txt", "type": "text/plain"}, {"name": "Request method", "source": "43569421-6094-4a2c-b318-02ed2d424a04-attachment.txt", "type": "text/plain"}, {"name": "Request headers", "source": "a116e243-6e38-43b0-830f-434052678ed6-attachment.json", "type": "application/json"}, {"name": "Response headers", "source": "04baa462-41ca-4edb-89cb-dd3b5a62d6ab-attachment.json", "type": "application/json"}, {"name": "Response", "source": "6df4a835-418d-4138-90f5-288affc58660-attachment.json", "type": "application/json"}], "start": 1623232281249, "stop": 1623232281714, "uuid": "0e46c206-67f0-4bf1-98d9-ca087907aebd", "historyId": "423a69fa2767cf43b04935bfe44fba48", "testCaseId": "a46d95ce346595fc8a6b3f568f5c7db1", "fullName": "tests.regress.test.Test#test_register_code", "labels": [{"name": "parentSuite", "value": "tests.regress"}, {"name": "suite", "value": "test"}, {"name": "subSuite", "value": "Test"}, {"name": "host", "value": "21aa29d99146"}, {"name": "thread", "value": "29-MainThread"}, {"name": "framework", "value": "pytest"}, {"name": "language", "value": "cpython3"}, {"name": "package", "value": "tests.regress.test"}]}