{"name": "Проверка кода подтверждения", "status": "failed", "statusDetails": {"message": "AssertionError: assert 401 == 200\n +  where 401 = <Response [401]>.status_code\n +    where <Response [401]> = <tests.regress.test_confirm_code.TestConfirmCode object at 0x7fdff36a8370>.response", "trace": "self = <test.Test object at 0x7fdff36a8dc0>\n\n    @allure.title(\"Проверка кода подтверждения\")\n    @allure.description(\"Проверка кода подтверждения\")\n    def test_confirm_code(self):\n>       test_confirm_code.TestConfirmCode(\n            self.environment_adapter, self.faker).request().attach().test()\n\ntests/regress/test.py:132: \n_ _ _ _ _ _ _ _ _ _ _ _ _ _ _ _ _ _ _ _ _ _ _ _ _ _ _ _ _ _ _ _ _ _ _ _ _ _ _ _ _ _ _ _ _ _ _ _ _ _ _ _ _ _ _ _ _ _ _ _ _ _ _ _ _ _ _ _ _ _ _ _ _ _ _ _ _ _ _ _ _ _ _ _ _ _ _ _ _ _ _ _ _ _ _ _ \n\nself = <tests.regress.test_confirm_code.TestConfirmCode object at 0x7fdff36a8370>\n\n    def test(self):\n>       assert self.response.status_code == 200\nE       assert 401 == 200\nE        +  where 401 = <Response [401]>.status_code\nE        +    where <Response [401]> = <tests.regress.test_confirm_code.TestConfirmCode object at 0x7fdff36a8370>.response\n\ntests/test_base.py:58: AssertionError"}, "description": "Проверка кода подтверждения", "attachments": [{"name": "Request url", "source": "8c6ee57b-8cb6-44ef-be46-dc9050fd03e1-attachment.txt", "type": "text/plain"}, {"name": "Request method", "source": "14a24857-b749-4526-8ad5-f73b03ff44e1-attachment.txt", "type": "text/plain"}, {"name": "Request headers", "source": "a80a94f0-f2f5-40a0-a49f-3a2f58b4d9ac-attachment.json", "type": "application/json"}, {"name": "Response headers", "source": "8c27d99e-0e46-4b5b-830f-acd2ef9bf104-attachment.json", "type": "application/json"}, {"name": "Response", "source": "07c76457-d383-4aae-a825-d00aa433dd90-attachment.json", "type": "application/json"}], "start": 1623232281795, "stop": 1623232282258, "uuid": "ba3a0d23-50ea-45fa-996e-f3d7731d13ba", "historyId": "6d6828ebc5a82b6e4d011048bd2b8bf6", "testCaseId": "865b841f74b31e82c08179392c9cf52b", "fullName": "tests.regress.test.Test#test_confirm_code", "labels": [{"name": "parentSuite", "value": "tests.regress"}, {"name": "suite", "value": "test"}, {"name": "subSuite", "value": "Test"}, {"name": "host", "value": "21aa29d99146"}, {"name": "thread", "value": "29-MainThread"}, {"name": "framework", "value": "pytest"}, {"name": "language", "value": "cpython3"}, {"name": "package", "value": "tests.regress.test"}]}